Arguments: 
  /opt/homebrew/Cellar/node/19.1.0/bin/node /opt/homebrew/Cellar/yarn/1.22.19/libexec/bin/yarn.js add leanprover-infoview

PATH: 
  /opt/homebrew/opt/llvm/bin:/Users/antonkovsharov/.pack/bin:/Users/antonkovsharov/.idris2/bin:/Users/antonkovsharov/.elan/bin:/opt/homebrew/bin:/opt/homebrew/sbin:/usr/local/bin:/System/Cryptexes/App/usr/bin:/usr/bin:/bin:/usr/sbin:/sbin:/usr/local/MacGPG2/bin:/opt/homebrew/opt/llvm/bin:/Users/antonkovsharov/.cabal/bin:/Users/antonkovsharov/.ghcup/bin:/Users/antonkovsharov/.pack/bin:/Users/antonkovsharov/.idris2/bin:/Users/antonkovsharov/.elan/bin:/opt/homebrew/bin:/opt/homebrew/sbin

Yarn version: 
  1.22.19

Node version: 
  19.1.0

Platform: 
  darwin arm64

Trace: 
  Error: https://registry.yarnpkg.com/leanprover-infoview: Not found
      at params.callback [as _callback] (/opt/homebrew/Cellar/yarn/1.22.19/libexec/lib/cli.js:66145:18)
      at self.callback (/opt/homebrew/Cellar/yarn/1.22.19/libexec/lib/cli.js:140890:22)
      at Request.emit (node:events:513:28)
      at Request.<anonymous> (/opt/homebrew/Cellar/yarn/1.22.19/libexec/lib/cli.js:141862:10)
      at Request.emit (node:events:513:28)
      at IncomingMessage.<anonymous> (/opt/homebrew/Cellar/yarn/1.22.19/libexec/lib/cli.js:141784:12)
      at Object.onceWrapper (node:events:627:28)
      at IncomingMessage.emit (node:events:525:35)
      at endReadableNT (node:internal/streams/readable:1359:12)
      at process.processTicksAndRejections (node:internal/process/task_queues:82:21)

npm manifest: 
  {
    "name": "paper-proof-widget",
    "version": "1.0.0",
    "main": "index.js",
    "author": "Anton Kovsharov",
    "license": "MIT",
    "devDependencies": {
      "rollup": "^3.19.1"
    },
    "dependencies": {
      "react": "^18.2.0"
    }
  }

yarn manifest: 
  No manifest

Lockfile: 
  # THIS IS AN AUTOGENERATED FILE. DO NOT EDIT THIS FILE DIRECTLY.
  # yarn lockfile v1
  
  
  fsevents@~2.3.2:
    version "2.3.2"
    resolved "https://registry.yarnpkg.com/fsevents/-/fsevents-2.3.2.tgz#8a526f78b8fdf4623b709e0b975c52c24c02fd1a"
    integrity sha512-xiqMQR4xAeHTuB9uWm+fFRcIOgKBMiOBP+eXiyT7jsgVCq1bkVygt00oASowB7EdtpOHaaPgKt812P9ab+DDKA==
  
  "js-tokens@^3.0.0 || ^4.0.0":
    version "4.0.0"
    resolved "https://registry.yarnpkg.com/js-tokens/-/js-tokens-4.0.0.tgz#19203fb59991df98e3a287050d4647cdeaf32499"
    integrity sha512-RdJUflcE3cUzKiMqQgsCu06FPu9UdIJO0beYbPhHN4k6apgJtifcoCtT9bcxOpYBtpD2kCM6Sbzg4CausW/PKQ==
  
  loose-envify@^1.1.0:
    version "1.4.0"
    resolved "https://registry.yarnpkg.com/loose-envify/-/loose-envify-1.4.0.tgz#71ee51fa7be4caec1a63839f7e682d8132d30caf"
    integrity sha512-lyuxPGr/Wfhrlem2CL/UcnUc1zcqKAImBDzukY7Y5F/yQiNdko6+fRLevlw1HgMySw7f611UIY408EtxRSoK3Q==
    dependencies:
      js-tokens "^3.0.0 || ^4.0.0"
  
  react@^18.2.0:
    version "18.2.0"
    resolved "https://registry.yarnpkg.com/react/-/react-18.2.0.tgz#555bd98592883255fa00de14f1151a917b5d77d5"
    integrity sha512-/3IjMdb2L9QbBdWiW5e3P2/npwMBaU9mHCSCUzNln0ZCYbcfTsGbTJrU/kGemdH2IWmB2ioZ+zkxtmq6g09fGQ==
    dependencies:
      loose-envify "^1.1.0"
  
  rollup@^3.19.1:
    version "3.19.1"
    resolved "https://registry.yarnpkg.com/rollup/-/rollup-3.19.1.tgz#2b3a31ac1ff9f3afab2e523fa687fef5b0ee20fc"
    integrity sha512-lAbrdN7neYCg/8WaoWn/ckzCtz+jr70GFfYdlf50OF7387HTg+wiuiqJRFYawwSPpqfqDNYqK7smY/ks2iAudg==
    optionalDependencies:
      fsevents "~2.3.2"
